#
# A fatal error has been detected by the Java Runtime Environment:
#
#  EXCEPTION_ACCESS_VIOLATION (0xc0000005) at pc=0x0000000071ba80f8, pid=12412, tid=1476
#
# JRE version: Java(TM) SE Runtime Environment (7.0_51-b13) (build 1.7.0_51-b13)
# Java VM: Java HotSpot(TM) 64-Bit Server VM (24.51-b03 mixed mode windows-amd64 compressed oops)
# Problematic frame:
# V  [jvm.dll+0x1780f8]
#
# Failed to write core dump. Minidumps are not enabled by default on client versions of Windows
#
# If you would like to submit a bug report, please visit:
#   http://bugreport.sun.com/bugreport/crash.jsp
#

---------------  T H R E A D  ---------------

Current thread (0x000000000d54b000):  JavaThread "JDWP Transport Listener: dt_socket" daemon [_thread_in_vm, id=1476, stack(0x000000000eab0000,0x000000000ebb0000)]

siginfo: ExceptionCode=0xc0000005, writing address 0xffffffff49b91c20

Registers:
RAX=0x000000000d56e438, RBX=0x000000000d542ed0, RCX=0x0000000000000000, RDX=0x0000000000000000
RSP=0x000000000ebaf4a0, RBP=0x000000000000000c, RSI=0x0000000000000005, RDI=0xffffffffe78c004e
R8 =0x0000000002c05600, R9 =0x000000073c88eac8, R10=0x0000000000000000, R11=0x000000000d542f20
R12=0x0000000000000005, R13=0x000000000d5919b0, R14=0x000000000ebaf5a0, R15=0x000000000ebaf5e8
RIP=0x0000000071ba80f8, EFLAGS=0x0000000000010206

Top of Stack: (sp=0x000000000ebaf4a0)
0x000000000ebaf4a0:   000000000d542f20 000000000d542f18
0x000000000ebaf4b0:   000000000d542ed0 000000000d5919b0
0x000000000ebaf4c0:   0000000000000001 000000000d54b000
0x000000000ebaf4d0:   000000000d553e20 000000000d542ec0
0x000000000ebaf4e0:   000000000d542ed0 000000000d5432a8
0x000000000ebaf4f0:   00000000000003d8 000000000ebaf8c0
0x000000000ebaf500:   0000000000000000 0000000000000000
0x000000000ebaf510:   00000007c0856ba0 000000000ebaf5a0
0x000000000ebaf520:   000000000d54b000 0000000071d21a79
0x000000000ebaf530:   000000000ebaf5e8 0000000002909650
0x000000000ebaf540:   000000000d543698 0000000072ec6b72
0x000000000ebaf550:   000000000d54b000 0000000000000000
0x000000000ebaf560:   0000000000000000 0000000000000000
0x000000000ebaf570:   0000000000000000 0000000072eb551f
0x000000000ebaf580:   000000000ebaf630 0000000000000001
0x000000000ebaf590:   000000000d54ea00 000000000ebaf660 

Instructions: (pc=0x0000000071ba80f8)
0x0000000071ba80d8:   c9 83 c0 0b 48 98 48 83 e0 f8 48 c1 e8 03 48 98
0x0000000071ba80e8:   48 8d 14 46 49 63 3c 90 e8 3b 86 f0 ff 48 ff c6
0x0000000071ba80f8:   49 89 44 fd 00 49 3b f4 0f 8c 6b ff ff ff eb 72
0x0000000071ba8108:   33 ff 4d 85 e4 7e 6b bd 18 00 00 00 48 8b f0 48 


Register to memory mapping:

RAX=0x000000000d56e438 is a weak global jni handle
RBX=0x000000000d542ed0 is an unknown value
RCX=0x0000000000000000 is an unknown value
RDX=0x0000000000000000 is an unknown value
RSP=0x000000000ebaf4a0 is pointing into the stack for thread: 0x000000000d54b000
RBP=0x000000000000000c is an unknown value
RSI=0x0000000000000005 is an unknown value
RDI=0xffffffffe78c004e is an unknown value
R8 =0x0000000002c05600 is an unknown value
R9 =0x000000073c88eac8 is an oop
{method} 
 - klass: {other class}
R10=0x0000000000000000 is an unknown value
R11=0x000000000d542f20 is an unknown value
R12=0x0000000000000005 is an unknown value
R13=0x000000000d5919b0 is an unknown value
R14=0x000000000ebaf5a0 is pointing into the stack for thread: 0x000000000d54b000
R15=0x000000000ebaf5e8 is pointing into the stack for thread: 0x000000000d54b000


Stack: [0x000000000eab0000,0x000000000ebb0000],  sp=0x000000000ebaf4a0,  free space=1021k
Native frames: (J=compiled Java code, j=interpreted, Vv=VM code, C=native code)
V  [jvm.dll+0x1780f8]


---------------  P R O C E S S  ---------------

Java Threads: ( => current thread )
  0x000000000d582800 JavaThread "Service Thread" daemon [_thread_blocked, id=1284, stack(0x000000000f3f0000,0x000000000f4f0000)]
  0x000000000d582000 JavaThread "C2 CompilerThread1" daemon [_thread_blocked, id=5736, stack(0x000000000f2f0000,0x000000000f3f0000)]
  0x000000000d579000 JavaThread "C2 CompilerThread0" daemon [_thread_blocked, id=12864, stack(0x000000000f1f0000,0x000000000f2f0000)]
  0x000000000d55b800 JavaThread "JDWP Command Reader" daemon [_thread_in_native, id=11464, stack(0x000000000f0f0000,0x000000000f1f0000)]
  0x000000000d558800 JavaThread "JDWP Event Helper Thread" daemon [_thread_blocked, id=8176, stack(0x000000000eff0000,0x000000000f0f0000)]
=>0x000000000d54b000 JavaThread "JDWP Transport Listener: dt_socket" daemon [_thread_in_vm, id=1476, stack(0x000000000eab0000,0x000000000ebb0000)]
  0x000000000d544800 JavaThread "Attach Listener" daemon [_thread_blocked, id=5052, stack(0x000000000e9b0000,0x000000000eab0000)]
  0x000000000d541800 JavaThread "Signal Dispatcher" daemon [_thread_blocked, id=10396, stack(0x000000000e8b0000,0x000000000e9b0000)]
  0x000000000d50f000 JavaThread "Finalizer" daemon [_thread_blocked, id=10392, stack(0x000000000e7b0000,0x000000000e8b0000)]
  0x000000000d503800 JavaThread "Reference Handler" daemon [_thread_blocked, id=12620, stack(0x000000000e6b0000,0x000000000e7b0000)]
  0x000000000290e800 JavaThread "main" [_thread_in_native, id=12828, stack(0x0000000002af0000,0x0000000002bf0000)]

Other Threads:
  0x000000000d501800 VMThread [stack: 0x000000000e5b0000,0x000000000e6b0000] [id=8792]
  0x000000000d58d800 WatcherThread [stack: 0x000000000f4f0000,0x000000000f5f0000] [id=9440]

VM state:not at safepoint (normal execution)

VM Mutex/Monitor currently owned by a thread: None

Heap
 PSYoungGen      total 57344K, used 1986K [0x00000007c0800000, 0x00000007c4780000, 0x0000000800000000)
  eden space 49664K, 4% used [0x00000007c0800000,0x00000007c09f0ab8,0x00000007c3880000)
  from space 7680K, 0% used [0x00000007c4000000,0x00000007c4000000,0x00000007c4780000)
  to   space 7680K, 0% used [0x00000007c3880000,0x00000007c3880000,0x00000007c4000000)
 ParOldGen       total 130048K, used 0K [0x0000000741800000, 0x0000000749700000, 0x00000007c0800000)
  object space 130048K, 0% used [0x0000000741800000,0x0000000741800000,0x0000000749700000)
 PSPermGen       total 21504K, used 2630K [0x000000073c600000, 0x000000073db00000, 0x0000000741800000)
  object space 21504K, 12% used [0x000000073c600000,0x000000073c891a18,0x000000073db00000)

Card table byte_map: [0x0000000005db0000,0x00000000063d0000] byte_map_base: 0x00000000023cd000

Polling page: 0x00000000028e0000

Code Cache  [0x0000000002cf0000, 0x0000000002f60000, 0x0000000005cf0000)
 total_blobs=162 nmethods=0 adapters=138 free_code_cache=48774Kb largest_free_block=49944576

Compilation events (0 events):
No events

GC Heap History (0 events):
No events

Deoptimization events (0 events):
No events

Internal exceptions (4 events):
Event: 0.110 Thread 0x000000000290e800 Threw 0x00000007c0810780 at C:\re\jdk7u51\527\hotspot\src\share\vm\prims\jni.cpp:3991
Event: 0.353 Thread 0x000000000290e800 Threw 0x00000007c0850488 at C:\re\jdk7u51\527\hotspot\src\share\vm\prims\jvm.cpp:1244
Event: 0.405 Thread 0x000000000290e800 Threw 0x00000007c0857d90 at C:\re\jdk7u51\527\hotspot\src\share\vm\prims\jvm.cpp:1244
Event: 18.211 Thread 0x000000000290e800 Threw 0x00000007c0860b70 at C:\re\jdk7u51\527\hotspot\src\share\vm\prims\jvm.cpp:1244

Events (10 events):
Event: 3027.243 Executing VM operation: RedefineClasses
Event: 3027.244 Executing VM operation: RedefineClasses done
Event: 3031.251 Executing VM operation: RedefineClasses
Event: 3031.251 Executing VM operation: RedefineClasses done
Event: 3516.859 Executing VM operation: RedefineClasses
Event: 3516.859 Executing VM operation: RedefineClasses done
Event: 6030.803 Executing VM operation: RedefineClasses
Event: 6030.804 Executing VM operation: RedefineClasses done
Event: 10162.196 Executing VM operation: RedefineClasses
Event: 10162.197 Executing VM operation: RedefineClasses done


Dynamic libraries:
0x00007ff6eddc0000 - 0x00007ff6eddf3000 	C:\Program Files\Java\jdk1.7.0_51\bin\javaw.exe
0x00007ffef06a0000 - 0x00007ffef0861000 	C:\WINDOWS\SYSTEM32\ntdll.dll
0x00007ffeee380000 - 0x00007ffeee42d000 	C:\WINDOWS\system32\KERNEL32.DLL
0x00007ffeed9c0000 - 0x00007ffeedb9d000 	C:\WINDOWS\system32\KERNELBASE.dll
0x00007ffeee920000 - 0x00007ffeee9c6000 	C:\WINDOWS\system32\ADVAPI32.dll
0x00007ffef0600000 - 0x00007ffef069d000 	C:\WINDOWS\system32\msvcrt.dll
0x00007ffeee320000 - 0x00007ffeee37b000 	C:\WINDOWS\system32\sechost.dll
0x00007ffeee060000 - 0x00007ffeee186000 	C:\WINDOWS\system32\RPCRT4.dll
0x00007ffeeee80000 - 0x00007ffeeefce000 	C:\WINDOWS\system32\USER32.dll
0x00007ffeee6b0000 - 0x00007ffeee836000 	C:\WINDOWS\system32\GDI32.dll
0x00007ffee7220000 - 0x00007ffee7494000 	C:\WINDOWS\WinSxS\amd64_microsoft.windows.common-controls_6595b64144ccf1df_6.0.10240.16384_none_f41f7b285750ef43\COMCTL32.dll
0x00007ffeee2e0000 - 0x00007ffeee316000 	C:\WINDOWS\system32\IMM32.DLL
0x00007ffeee9d0000 - 0x00007ffeeeb2c000 	C:\WINDOWS\system32\MSCTF.dll
0x00007ffeeba50000 - 0x00007ffeeba81000 	C:\Windows\system32\nvinitx.dll
0x00007ffeeba40000 - 0x00007ffeeba4a000 	C:\WINDOWS\SYSTEM32\VERSION.dll
0x0000000072ef0000 - 0x0000000072fc2000 	C:\Program Files\Java\jdk1.7.0_51\jre\bin\msvcr100.dll
0x0000000071a30000 - 0x00000000721f9000 	C:\Program Files\Java\jdk1.7.0_51\jre\bin\server\jvm.dll
0x00007ffeeeb30000 - 0x00007ffeeeb38000 	C:\WINDOWS\system32\PSAPI.DLL
0x00007ffeeb6b0000 - 0x00007ffeeb6b9000 	C:\WINDOWS\SYSTEM32\WSOCK32.dll
0x00007ffeeb680000 - 0x00007ffeeb6a3000 	C:\WINDOWS\SYSTEM32\WINMM.dll
0x00007ffeeee10000 - 0x00007ffeeee79000 	C:\WINDOWS\system32\WS2_32.dll
0x00007ffeedd70000 - 0x00007ffeedd78000 	C:\WINDOWS\system32\NSI.dll
0x00007ffeeb620000 - 0x00007ffeeb64c000 	C:\WINDOWS\SYSTEM32\WINMMBASE.dll
0x00007ffeed170000 - 0x00007ffeed1b4000 	C:\WINDOWS\system32\cfgmgr32.dll
0x00007ffeeb9f0000 - 0x00007ffeeba17000 	C:\WINDOWS\SYSTEM32\DEVOBJ.dll
0x00000000730a0000 - 0x00000000730af000 	C:\Program Files\Java\jdk1.7.0_51\jre\bin\verify.dll
0x0000000073070000 - 0x0000000073098000 	C:\Program Files\Java\jdk1.7.0_51\jre\bin\java.dll
0x0000000072eb0000 - 0x0000000072ee5000 	C:\Program Files\Java\jdk1.7.0_51\jre\bin\jdwp.dll
0x0000000072ea0000 - 0x0000000072ea8000 	C:\Program Files\Java\jdk1.7.0_51\jre\bin\npt.dll
0x0000000073050000 - 0x0000000073065000 	C:\Program Files\Java\jdk1.7.0_51\jre\bin\zip.dll
0x0000000072e90000 - 0x0000000072e99000 	C:\Program Files\Java\jdk1.7.0_51\jre\bin\dt_socket.dll
0x00007ffeda250000 - 0x00007ffeda265000 	C:\WINDOWS\system32\napinsp.dll
0x00007ffeda270000 - 0x00007ffeda28a000 	C:\WINDOWS\system32\pnrpnsp.dll
0x00007ffeea730000 - 0x00007ffeea748000 	C:\WINDOWS\system32\NLAapi.dll
0x00007ffeec940000 - 0x00007ffeec99d000 	C:\WINDOWS\System32\mswsock.dll
0x00007ffeec700000 - 0x00007ffeec7a8000 	C:\WINDOWS\SYSTEM32\DNSAPI.dll
0x00007ffeda290000 - 0x00007ffeda29d000 	C:\WINDOWS\System32\winrnr.dll
0x0000000073660000 - 0x0000000073695000 	C:\Program Files\Bonjour\mdnsNSP.dll
0x00007ffeeab70000 - 0x00007ffeeaba8000 	C:\WINDOWS\SYSTEM32\Iphlpapi.DLL
0x00007ffeeab60000 - 0x00007ffeeab6b000 	C:\WINDOWS\SYSTEM32\WINNSI.DLL
0x00007ffeda2a0000 - 0x00007ffeda2b5000 	C:\WINDOWS\system32\wshbth.dll
0x00007ffee4840000 - 0x00007ffee48a8000 	C:\WINDOWS\System32\fwpuclnt.dll
0x00007ffeecc10000 - 0x00007ffeecc38000 	C:\WINDOWS\SYSTEM32\bcrypt.dll
0x00007ffee3de0000 - 0x00007ffee3dea000 	C:\Windows\System32\rasadhlp.dll
0x00007ffec9960000 - 0x00007ffec9aea000 	C:\WINDOWS\SYSTEM32\dbghelp.dll

VM Arguments:
jvm_args: -agentlib:jdwp=transport=dt_socket,suspend=y,address=localhost:54557 -Dfile.encoding=Cp1253 
java_command: simpleStocks.Main
Launcher Type: SUN_STANDARD

Environment Variables:
JAVA_HOME=C:\Program Files\Java\jdk1.7.0_51
PATH=C:\Program Files\Java\jdk1.7.0_51\jre\bin;C:/Program Files/Java/jdk1.7.0_51/jre/bin/server;C:/Program Files/Java/jdk1.7.0_51/jre/bin;C:/Program Files/Java/jdk1.7.0_51/jre/lib/amd64;C:\ProgramData\Oracle\Java\javapath;C:\Program Files (x86)\Intel\iCLS Client\;C:\Program Files\Intel\iCLS Client\;C:\Program Files (x86)\Common Files\Intel\Shared Files\cpp\bin\Intel64;C:\WINDOWS\system32;C:\WINDOWS;C:\Program Files\Java\jdk1.7.0_51\bin;C:\Program Files\Calibre2\;C:\Program Files (x86)\OpenVPN\bin;C:\Program Files (x86)\Windows Kits\8.1\Windows Performance Toolkit\;C:\Program Files\Microsoft SQL Server\110\Tools\Binn\;C:\Program Files (x86)\QuickTime\QTSystem\;C:\Program Files\Microsoft\Web Platform Installer\;C:\Program Files (x86)\NVIDIA Corporation\PhysX\Common;C:\WINDOWS\system32;C:\WINDOWS;C:\WINDOWS\System32\Wbem;C:\WINDOWS\System32\WindowsPowerShell\v1.0\;C:\Program Files (x86)\Skype\Phone\;C:\Program Files (x86)\Intel\Intel(R) Management Engine Components\DAL;C:\Program Files\Intel\Intel(R) Management Engine Components\DAL;C:\Program Files (x86)\Intel\Intel(R) Management Engine Components\IPT;C:\Program Files\Intel\Intel(R) Management Engine Components\IPT;C:\Users\Constantine\Desktop\SIKULI\libs;C:\Users\Constantine\AppData\Local\atom\bin;C:\Users\Constantine\Desktop;
USERNAME=Constantine
OS=Windows_NT
PROCESSOR_IDENTIFIER=Intel64 Family 6 Model 69 Stepping 1, GenuineIntel



---------------  S Y S T E M  ---------------

OS: Windows 8 , 64 bit Build 9200 

CPU:total 4 (2 cores per cpu, 2 threads per core) family 6 model 69 stepping 1, cmov, cx8, fxsr, mmx, sse, sse2, sse3, ssse3, sse4.1, sse4.2, popcnt, avx, avx2, aes, erms, ht, tsc, tscinvbit

Memory: 4k page, physical 12479052k(6510160k free), swap 18646392k(2687744k free)

vm_info: Java HotSpot(TM) 64-Bit Server VM (24.51-b03) for windows-amd64 JRE (1.7.0_51-b13), built on Dec 18 2013 18:40:56 by "java_re" with unknown MS VC++:1600

time: Sun Nov 15 11:51:25 2015
elapsed time: 10977 seconds

